<?xml version="1.0" encoding="UTF-8"?>
<testsuite xmlns:xsi="http://www.w3.org/2001/XMLSchema-instance" xsi:noNamespaceSchemaLocation="https://maven.apache.org/surefire/maven-surefire-plugin/xsd/surefire-test-report.xsd" version="3.0.2" name="com.chris.spring.data.mongodb.ApplicationTests" time="1.697" tests="1" errors="0" skipped="0" failures="0">
  <properties>
[...]
</properties>
  <testcase name="contextLoads" classname="com.chris.spring.data.mongodb.ApplicationTests" time="0.435">
    <system-out><![CDATA[17:14:45.463 [main] INFO org.springframework.test.context.support.AnnotationConfigContextLoaderUtils -- Could not detect default configuration classes for test class [com.chris.spring.data.mongodb.ApplicationTests]: ApplicationTests does not declare any static, non-private, non-final, nested classes annotated with @Configuration.
17:14:45.520 [main] INFO org.springframework.boot.test.context.SpringBootTestContextBootstrapper -- Found @SpringBootConfiguration com.chris.spring.data.mongodb.Application for test class com.chris.spring.data.mongodb.ApplicationTests

  .   ____          _            __ _ _
 /\\ / ___'_ __ _ _(_)_ __  __ _ \ \ \ \
( ( )\___ | '_ | '_| | '_ \/ _` | \ \ \ \
 \\/  ___)| |_)| | | | | || (_| |  ) ) ) )
  '  |____| .__|_| |_|_| |_\__, | / / / /
 =========|_|==============|___/=/_/_/_/

 :: Spring Boot ::                (v3.4.2)

2025-02-18T17:14:45.708+08:00  INFO 10612 --- [spring.data.mongodb] [           main] c.c.s.data.mongodb.ApplicationTests      : Starting ApplicationTests using Java 23.0.2 with PID 10612 (started by chris in /Users/chris/IdeaProjects/Angular17_SpringBoot_MongoDB/BackEnd)
2025-02-18T17:14:45.709+08:00  INFO 10612 --- [spring.data.mongodb] [           main] c.c.s.data.mongodb.ApplicationTests      : No active profile set, falling back to 1 default profile: "default"
2025-02-18T17:14:45.969+08:00  INFO 10612 --- [spring.data.mongodb] [           main] .s.d.r.c.RepositoryConfigurationDelegate : Bootstrapping Spring Data MongoDB repositories in DEFAULT mode.
2025-02-18T17:14:45.996+08:00  INFO 10612 --- [spring.data.mongodb] [           main] .s.d.r.c.RepositoryConfigurationDelegate : Finished Spring Data repository scanning in 24 ms. Found 1 MongoDB repository interface.
2025-02-18T17:14:46.196+08:00  INFO 10612 --- [spring.data.mongodb] [           main] org.mongodb.driver.client                : MongoClient with metadata {"driver": {"name": "mongo-java-driver|sync|spring-boot", "version": "5.3.0"}, "os": {"type": "Darwin", "name": "Mac OS X", "architecture": "aarch64", "version": "15.2"}, "platform": "Java/Homebrew/23.0.2"} created with settings MongoClientSettings{readPreference=primary, writeConcern=WriteConcern{w=majority, wTimeout=null ms, journal=null}, retryWrites=true, retryReads=true, readConcern=ReadConcern{level=null}, credential=MongoCredential{mechanism=null, userName='chris820614', source='admin', password=<hidden>, mechanismProperties=<hidden>}, transportSettings=null, commandListeners=[], codecRegistry=ProvidersCodecRegistry{codecProviders=[ValueCodecProvider{}, BsonValueCodecProvider{}, DBRefCodecProvider{}, DBObjectCodecProvider{}, DocumentCodecProvider{}, CollectionCodecProvider{}, IterableCodecProvider{}, MapCodecProvider{}, GeoJsonCodecProvider{}, GridFSFileCodecProvider{}, Jsr310CodecProvider{}, JsonObjectCodecProvider{}, BsonCodecProvider{}, EnumCodecProvider{}, com.mongodb.client.model.mql.ExpressionCodecProvider@4116f66a, com.mongodb.Jep395RecordCodecProvider@59c04bee, com.mongodb.KotlinCodecProvider@45900b64]}, loggerSettings=LoggerSettings{maxDocumentLength=1000}, clusterSettings={hosts=[127.0.0.1:27017], srvHost=chris.jxejt.mongodb.net, srvServiceName=mongodb, mode=MULTIPLE, requiredClusterType=REPLICA_SET, requiredReplicaSetName='atlas-x0iov1-shard-0', serverSelector='null', clusterListeners='[]', serverSelectionTimeout='30000 ms', localThreshold='15 ms'}, socketSettings=SocketSettings{connectTimeoutMS=10000, readTimeoutMS=0, receiveBufferSize=0, proxySettings=ProxySettings{host=null, port=null, username=null, password=null}}, heartbeatSocketSettings=SocketSettings{connectTimeoutMS=10000, readTimeoutMS=10000, receiveBufferSize=0, proxySettings=ProxySettings{host=null, port=null, username=null, password=null}}, connectionPoolSettings=ConnectionPoolSettings{maxSize=100, minSize=0, maxWaitTimeMS=120000, maxConnectionLifeTimeMS=0, maxConnectionIdleTimeMS=0, maintenanceInitialDelayMS=0, maintenanceFrequencyMS=60000, connectionPoolListeners=[], maxConnecting=2}, serverSettings=ServerSettings{heartbeatFrequencyMS=10000, minHeartbeatFrequencyMS=500, serverMonitoringMode=AUTO, serverListeners='[]', serverMonitorListeners='[]'}, sslSettings=SslSettings{enabled=true, invalidHostNameAllowed=false, context=null}, applicationName='null', compressorList=[], uuidRepresentation=JAVA_LEGACY, serverApi=null, autoEncryptionSettings=null, dnsClient=null, inetAddressResolver=null, contextProvider=null, timeoutMS=null}
2025-02-18T17:14:46.213+08:00  INFO 10612 --- [spring.data.mongodb] [ejt.mongodb.net] org.mongodb.driver.cluster               : Adding discovered server chris-shard-00-02.jxejt.mongodb.net:27017 to client view of cluster
2025-02-18T17:14:46.223+08:00  INFO 10612 --- [spring.data.mongodb] [ejt.mongodb.net] org.mongodb.driver.cluster               : Adding discovered server chris-shard-00-01.jxejt.mongodb.net:27017 to client view of cluster
2025-02-18T17:14:46.231+08:00  INFO 10612 --- [spring.data.mongodb] [ejt.mongodb.net] org.mongodb.driver.cluster               : Adding discovered server chris-shard-00-00.jxejt.mongodb.net:27017 to client view of cluster
2025-02-18T17:14:46.582+08:00  INFO 10612 --- [spring.data.mongodb] [ngodb.net:27017] org.mongodb.driver.cluster               : Monitor thread successfully connected to server with description ServerDescription{address=chris-shard-00-02.jxejt.mongodb.net:27017, type=REPLICA_SET_PRIMARY, cryptd=false, state=CONNECTED, ok=true, minWireVersion=0, maxWireVersion=25, maxDocumentSize=16777216, logicalSessionTimeoutMinutes=30, roundTripTimeNanos=222356458, minRoundTripTimeNanos=0, setName='atlas-x0iov1-shard-0', canonicalAddress=chris-shard-00-02.jxejt.mongodb.net:27017, hosts=[chris-shard-00-00.jxejt.mongodb.net:27017, chris-shard-00-01.jxejt.mongodb.net:27017, chris-shard-00-02.jxejt.mongodb.net:27017], passives=[], arbiters=[], primary='chris-shard-00-02.jxejt.mongodb.net:27017', tagSet=TagSet{[Tag{name='availabilityZone', value='apne1-az2'}, Tag{name='diskState', value='READY'}, Tag{name='nodeType', value='ELECTABLE'}, Tag{name='provider', value='AWS'}, Tag{name='region', value='AP_NORTHEAST_1'}, Tag{name='workloadType', value='OPERATIONAL'}]}, electionId=7fffffff00000000000000cc, setVersion=16, topologyVersion=TopologyVersion{processId=67aba41caaa18b4f7498ef2c, counter=6}, lastWriteDate=Tue Feb 18 17:14:46 CST 2025, lastUpdateTimeNanos=1682091466480625}
2025-02-18T17:14:46.582+08:00  INFO 10612 --- [spring.data.mongodb] [ngodb.net:27017] org.mongodb.driver.cluster               : Monitor thread successfully connected to server with description ServerDescription{address=chris-shard-00-00.jxejt.mongodb.net:27017, type=REPLICA_SET_SECONDARY, cryptd=false, state=CONNECTED, ok=true, minWireVersion=0, maxWireVersion=25, maxDocumentSize=16777216, logicalSessionTimeoutMinutes=30, roundTripTimeNanos=144813084, minRoundTripTimeNanos=0, setName='atlas-x0iov1-shard-0', canonicalAddress=chris-shard-00-00.jxejt.mongodb.net:27017, hosts=[chris-shard-00-00.jxejt.mongodb.net:27017, chris-shard-00-01.jxejt.mongodb.net:27017, chris-shard-00-02.jxejt.mongodb.net:27017], passives=[], arbiters=[], primary='chris-shard-00-02.jxejt.mongodb.net:27017', tagSet=TagSet{[Tag{name='availabilityZone', value='apne1-az4'}, Tag{name='diskState', value='READY'}, Tag{name='nodeType', value='ELECTABLE'}, Tag{name='provider', value='AWS'}, Tag{name='region', value='AP_NORTHEAST_1'}, Tag{name='workloadType', value='OPERATIONAL'}]}, electionId=null, setVersion=16, topologyVersion=TopologyVersion{processId=67aba084b6c51ff3d81e9901, counter=4}, lastWriteDate=Tue Feb 18 17:14:46 CST 2025, lastUpdateTimeNanos=1682091466480625}
2025-02-18T17:14:46.584+08:00  INFO 10612 --- [spring.data.mongodb] [ngodb.net:27017] org.mongodb.driver.cluster               : Discovered replica set primary chris-shard-00-02.jxejt.mongodb.net:27017 with max election id 7fffffff00000000000000cc and max set version 16
2025-02-18T17:14:46.630+08:00  INFO 10612 --- [spring.data.mongodb] [           main] c.c.s.data.mongodb.ApplicationTests      : Started ApplicationTests in 1.042 seconds (process running for 1.499)
2025-02-18T17:14:46.734+08:00  INFO 10612 --- [spring.data.mongodb] [ngodb.net:27017] org.mongodb.driver.cluster               : Monitor thread successfully connected to server with description ServerDescription{address=chris-shard-00-01.jxejt.mongodb.net:27017, type=REPLICA_SET_SECONDARY, cryptd=false, state=CONNECTED, ok=true, minWireVersion=0, maxWireVersion=25, maxDocumentSize=16777216, logicalSessionTimeoutMinutes=30, roundTripTimeNanos=119468291, minRoundTripTimeNanos=0, setName='atlas-x0iov1-shard-0', canonicalAddress=chris-shard-00-01.jxejt.mongodb.net:27017, hosts=[chris-shard-00-00.jxejt.mongodb.net:27017, chris-shard-00-01.jxejt.mongodb.net:27017, chris-shard-00-02.jxejt.mongodb.net:27017], passives=[], arbiters=[], primary='chris-shard-00-02.jxejt.mongodb.net:27017', tagSet=TagSet{[Tag{name='availabilityZone', value='apne1-az1'}, Tag{name='diskState', value='READY'}, Tag{name='nodeType', value='ELECTABLE'}, Tag{name='provider', value='AWS'}, Tag{name='region', value='AP_NORTHEAST_1'}, Tag{name='workloadType', value='OPERATIONAL'}]}, electionId=null, setVersion=16, topologyVersion=TopologyVersion{processId=67aba74659552b159bae401a, counter=3}, lastWriteDate=Tue Feb 18 17:14:46 CST 2025, lastUpdateTimeNanos=1682091620576458}
]]></system-out>
    <system-err><![CDATA[Mockito is currently self-attaching to enable the inline-mock-maker. This will no longer work in future releases of the JDK. Please add Mockito as an agent to your build what is described in Mockito's documentation: https://javadoc.io/doc/org.mockito/mockito-core/latest/org/mockito/Mockito.html#0.3
WARNING: A Java agent has been loaded dynamically (/Users/chris/.m2/repository/net/bytebuddy/byte-buddy-agent/1.15.11/byte-buddy-agent-1.15.11.jar)
WARNING: If a serviceability tool is in use, please run with -XX:+EnableDynamicAgentLoading to hide this warning
WARNING: If a serviceability tool is not in use, please run with -Djdk.instrument.traceUsage for more information
WARNING: Dynamic loading of agents will be disallowed by default in a future release
]]></system-err>
  </testcase>
</testsuite>